<?xml version="1.0" encoding="UTF-8"?>
<!-- Generated by org.testng.reporters.JUnitReportReporter -->
<testsuite hostname="LTIN518485" failures="0" tests="3" name="TestRunner.TestRunner" time="288.967" errors="0" timestamp="2024-06-18T10:49:04 IST" skipped="0">
  <testcase classname="TestRunner.TestRunner" name="runScenario" time="89.876"/>
  <testcase classname="TestRunner.TestRunner" name="runScenario" time="102.648"/>
  <testcase classname="TestRunner.TestRunner" name="runScenario" time="96.443"/>
</testsuite> <!-- TestRunner.TestRunner -->
